# JRE version: OpenJDK Runtime Environment (8.0_144-b01) (build 1.8.0_144-1-redhat-b01)
# Java VM: OpenJDK 64-Bit Server VM (25.144-b01 mixed mode windows-amd64 compressed oops)
Heap:
 garbage-first heap   total 253952K, used 189376K [0x00000000c0000000, 0x00000000c01007c0, 0x0000000100000000)
  region size 1024K, 88 young (90112K), 14 survivors (14336K)
 Metaspace       used 39145K, capacity 41366K, committed 41472K, reserved 1085440K
  class space    used 4071K, capacity 4821K, committed 4864K, reserved 1048576K
GC Heap History (10 events):
Event: 61.392 GC heap before
{Heap before GC invocations=64 (full 0):
 garbage-first heap   total 63488K, used 56584K [0x00000000c0000000, 0x00000000c01001f0, 0x0000000100000000)
  region size 1024K, 3 young (3072K), 1 survivors (1024K)
 Metaspace       used 39059K, capacity 41302K, committed 41472K, reserved 1085440K
  class space    used 4068K, capacity 4821K, committed 4864K, reserved 1048576K
Event: 61.402 GC heap after
Heap after GC invocations=65 (full 0):
 garbage-first heap   total 126976K, used 55206K [0x00000000c0000000, 0x00000000c01003e0, 0x0000000100000000)
  region size 1024K, 1 young (1024K), 1 survivors (1024K)
 Metaspace       used 39059K, capacity 41302K, committed 41472K, reserved 1085440K
  class space    used 4068K, capacity 4821K, committed 4864K, reserved 1048576K
}
Event: 65.166 GC heap before
{Heap before GC invocations=66 (full 0):
 garbage-first heap   total 126976K, used 106406K [0x00000000c0000000, 0x00000000c01003e0, 0x0000000100000000)
  region size 1024K, 51 young (52224K), 1 survivors (1024K)
 Metaspace       used 39067K, capacity 41302K, committed 41472K, reserved 1085440K
  class space    used 4069K, capacity 4821K, committed 4864K, reserved 1048576K
Event: 65.198 GC heap after
Heap after GC invocations=67 (full 0):
 garbage-first heap   total 253952K, used 60506K [0x00000000c0000000, 0x00000000c01007c0, 0x0000000100000000)
  region size 1024K, 7 young (7168K), 7 survivors (7168K)
 Metaspace       used 39067K, capacity 41302K, committed 41472K, reserved 1085440K
  class space    used 4069K, capacity 4821K, committed 4864K, reserved 1048576K
}
Event: 81.901 GC heap before
{Heap before GC invocations=67 (full 0):
 garbage-first heap   total 253952K, used 200474K [0x00000000c0000000, 0x00000000c01007c0, 0x0000000100000000)
  region size 1024K, 142 young (145408K), 7 survivors (7168K)
 Metaspace       used 39109K, capacity 41302K, committed 41472K, reserved 1085440K
  class space    used 4070K, capacity 4821K, committed 4864K, reserved 1048576K
Event: 81.954 GC heap after
Heap after GC invocations=68 (full 0):
 garbage-first heap   total 253952K, used 76099K [0x00000000c0000000, 0x00000000c01007c0, 0x0000000100000000)
  region size 1024K, 18 young (18432K), 18 survivors (18432K)
 Metaspace       used 39109K, capacity 41302K, committed 41472K, reserved 1085440K
  class space    used 4070K, capacity 4821K, committed 4864K, reserved 1048576K
}
Event: 97.317 GC heap before
{Heap before GC invocations=68 (full 0):
 garbage-first heap   total 253952K, used 205123K [0x00000000c0000000, 0x00000000c01007c0, 0x0000000100000000)
  region size 1024K, 144 young (147456K), 18 survivors (18432K)
 Metaspace       used 39118K, capacity 41302K, committed 41472K, reserved 1085440K
  class space    used 4071K, capacity 4821K, committed 4864K, reserved 1048576K
Event: 97.399 GC heap after
Heap after GC invocations=69 (full 0):
 garbage-first heap   total 253952K, used 92831K [0x00000000c0000000, 0x00000000c01007c0, 0x0000000100000000)
  region size 1024K, 15 young (15360K), 15 survivors (15360K)
 Metaspace       used 39118K, capacity 41302K, committed 41472K, reserved 1085440K
  class space    used 4071K, capacity 4821K, committed 4864K, reserved 1048576K
}
Event: 103.596 GC heap before
{Heap before GC invocations=69 (full 0):
 garbage-first heap   total 253952K, used 211999K [0x00000000c0000000, 0x00000000c01007c0, 0x0000000100000000)
  region size 1024K, 128 young (131072K), 15 survivors (15360K)
 Metaspace       used 39123K, capacity 41302K, committed 41472K, reserved 1085440K
  class space    used 4071K, capacity 4821K, committed 4864K, reserved 1048576K
Event: 103.678 GC heap after
Heap after GC invocations=70 (full 0):
 garbage-first heap   total 253952K, used 109472K [0x00000000c0000000, 0x00000000c01007c0, 0x0000000100000000)
  region size 1024K, 14 young (14336K), 14 survivors (14336K)
 Metaspace       used 39123K, capacity 41302K, committed 41472K, reserved 1085440K
  class space    used 4071K, capacity 4821K, committed 4864K, reserved 1048576K
}

