# JRE version: OpenJDK Runtime Environment (8.0_144-b01) (build 1.8.0_144-1-redhat-b01)
# Java VM: OpenJDK 64-Bit Server VM (25.144-b01 mixed mode windows-amd64 compressed oops)
Heap:
 garbage-first heap   total 253952K, used 82277K [0x00000000c0000000, 0x00000000c01007c0, 0x0000000100000000)
  region size 1024K, 26 young (26624K), 7 survivors (7168K)
 Metaspace       used 35651K, capacity 37722K, committed 37968K, reserved 1083392K
  class space    used 3714K, capacity 4474K, committed 4476K, reserved 1048576K
GC Heap History (10 events):
Event: 82.873 GC heap before
{Heap before GC invocations=72 (full 0):
 garbage-first heap   total 63488K, used 54463K [0x00000000c0000000, 0x00000000c01001f0, 0x0000000100000000)
  region size 1024K, 3 young (3072K), 1 survivors (1024K)
 Metaspace       used 35647K, capacity 37722K, committed 37968K, reserved 1083392K
  class space    used 3714K, capacity 4474K, committed 4476K, reserved 1048576K
Event: 82.882 GC heap after
Heap after GC invocations=73 (full 0):
 garbage-first heap   total 63488K, used 54922K [0x00000000c0000000, 0x00000000c01001f0, 0x0000000100000000)
  region size 1024K, 1 young (1024K), 1 survivors (1024K)
 Metaspace       used 35647K, capacity 37722K, committed 37968K, reserved 1083392K
  class space    used 3714K, capacity 4474K, committed 4476K, reserved 1048576K
}
Event: 82.932 GC heap before
{Heap before GC invocations=73 (full 0):
 garbage-first heap   total 63488K, used 56970K [0x00000000c0000000, 0x00000000c01001f0, 0x0000000100000000)
  region size 1024K, 3 young (3072K), 1 survivors (1024K)
 Metaspace       used 35647K, capacity 37722K, committed 37968K, reserved 1083392K
  class space    used 3714K, capacity 4474K, committed 4476K, reserved 1048576K
Event: 82.939 GC heap after
Heap after GC invocations=74 (full 0):
 garbage-first heap   total 63488K, used 55720K [0x00000000c0000000, 0x00000000c01001f0, 0x0000000100000000)
  region size 1024K, 1 young (1024K), 1 survivors (1024K)
 Metaspace       used 35647K, capacity 37722K, committed 37968K, reserved 1083392K
  class space    used 3714K, capacity 4474K, committed 4476K, reserved 1048576K
}
Event: 82.958 GC heap before
{Heap before GC invocations=74 (full 0):
 garbage-first heap   total 63488K, used 57768K [0x00000000c0000000, 0x00000000c01001f0, 0x0000000100000000)
  region size 1024K, 3 young (3072K), 1 survivors (1024K)
 Metaspace       used 35647K, capacity 37722K, committed 37968K, reserved 1083392K
  class space    used 3714K, capacity 4474K, committed 4476K, reserved 1048576K
Event: 82.964 GC heap after
Heap after GC invocations=75 (full 0):
 garbage-first heap   total 63488K, used 56124K [0x00000000c0000000, 0x00000000c01001f0, 0x0000000100000000)
  region size 1024K, 1 young (1024K), 1 survivors (1024K)
 Metaspace       used 35647K, capacity 37722K, committed 37968K, reserved 1083392K
  class space    used 3714K, capacity 4474K, committed 4476K, reserved 1048576K
}
Event: 82.978 GC heap before
{Heap before GC invocations=75 (full 0):
 garbage-first heap   total 63488K, used 58172K [0x00000000c0000000, 0x00000000c01001f0, 0x0000000100000000)
  region size 1024K, 3 young (3072K), 1 survivors (1024K)
 Metaspace       used 35647K, capacity 37722K, committed 37968K, reserved 1083392K
  class space    used 3714K, capacity 4474K, committed 4476K, reserved 1048576K
Event: 82.989 GC heap after
Heap after GC invocations=76 (full 0):
 garbage-first heap   total 126976K, used 56084K [0x00000000c0000000, 0x00000000c01003e0, 0x0000000100000000)
  region size 1024K, 1 young (1024K), 1 survivors (1024K)
 Metaspace       used 35647K, capacity 37722K, committed 37968K, reserved 1083392K
  class space    used 3714K, capacity 4474K, committed 4476K, reserved 1048576K
}
Event: 84.183 GC heap before
{Heap before GC invocations=77 (full 0):
 garbage-first heap   total 126976K, used 106964K [0x00000000c0000000, 0x00000000c01003e0, 0x0000000100000000)
  region size 1024K, 49 young (50176K), 1 survivors (1024K)
 Metaspace       used 35651K, capacity 37722K, committed 37968K, reserved 1083392K
  class space    used 3714K, capacity 4474K, committed 4476K, reserved 1048576K
Event: 84.215 GC heap after
Heap after GC invocations=78 (full 0):
 garbage-first heap   total 253952K, used 63845K [0x00000000c0000000, 0x00000000c01007c0, 0x0000000100000000)
  region size 1024K, 7 young (7168K), 7 survivors (7168K)
 Metaspace       used 35651K, capacity 37722K, committed 37968K, reserved 1083392K
  class space    used 3714K, capacity 4474K, committed 4476K, reserved 1048576K
}

